<?xml version="1.0" encoding="UTF-8"?>
<!-- Generated by org.testng.reporters.JUnitReportReporter -->
<testsuite skipped="0" hostname="DESKTOP-8C4CL6D" name="com.wordpress.TestCases.WordPressLogin" tests="1" failures="0" timestamp="27 Mar 2019 17:01:27 GMT" time="36.992" errors="0">
  <testcase name="fnLogin" time="36.992" classname="com.wordpress.TestCases.WordPressLogin"/>
</testsuite> <!-- com.wordpress.TestCases.WordPressLogin -->
