<?xml version="1.0" encoding="UTF-8"?>
<!-- Generated by org.testng.reporters.JUnitReportReporter -->
<testsuite hostname="DESKTOP-8C4CL6D" name="datatype.Variables_testing" tests="1" failures="0" timestamp="7 May 2020 07:53:50 GMT" time="0.012" errors="0">
  <testcase name="Jenkins" time="0.012" classname="datatype.Variables_testing"/>
</testsuite> <!-- datatype.Variables_testing -->
